<?xml version="1.0" encoding="UTF-8"?>
<!-- Generated by org.testng.reporters.JUnitXMLReporter -->
<testsuite hostname="LENOVO-PC" ignored="0" name="case1" tests="4" failures="0" timestamp="20 六月 2018 07:57:02 GMT" time="0.02" errors="0">
  <testcase name="addTest" time="0.004" classname="com.testcase.DeleteMenuTest"/>
  <testcase name="addTest" time="0.0" classname="com.testcase.LoginSystemTest"/>
  <testcase name="mateTest" time="0.001" classname="com.testcase.SearchTest"/>
  <testcase name="addTest" time="0.0" classname="com.testcase.OrderMenuTest"/>
</testsuite> <!-- case1 -->
